<?xml version="1.0" encoding="UTF-8"?>
<testsuite xmlns:xsi="http://www.w3.org/2001/XMLSchema-instance" xsi:noNamespaceSchemaLocation="https://maven.apache.org/surefire/maven-surefire-plugin/xsd/surefire-test-report.xsd" name="org.cefire.library.BookCollectionTest" time="0.042" tests="4" errors="0" skipped="0" failures="0">
  <properties>
[...]
</properties>
  <testcase name="ShouldFindBookByTitle" classname="org.cefire.library.BookCollectionTest" time="0.03"/>
  <testcase name="shouldGetAnEmptyListIfNoMatchesAreFound" classname="org.cefire.library.BookCollectionTest" time="0.001"/>
  <testcase name="ShouldFindBookByISBN" classname="org.cefire.library.BookCollectionTest" time="0.003"/>
  <testcase name="shouldGetAnEmptyListIfBookCollectionIsEmpty" classname="org.cefire.library.BookCollectionTest" time="0.001"/>
</testsuite>